<?xml version="1.0" encoding="UTF-8"?>
<!-- Generated by org.testng.reporters.JUnitXMLReporter -->
<testsuite ignored="0" hostname="LAPTOP-AGIT55IM" failures="0" tests="4" name="Default test" time="24.77" errors="0" timestamp="2024-10-11T17:32:22 EEST">
  <testcase classname="com.demoblaze.test.DemoBlaze_TestRunner" name="navigateToHomePage" time="0.028"/>
  <testcase classname="com.demoblaze.test.DemoBlaze_TestRunner" name="user_Login" time="4.793"/>
  <testcase classname="com.demoblaze.test.DemoBlaze_TestRunner" name="addProductToCart" time="4.84"/>
  <testcase classname="com.demoblaze.test.DemoBlaze_TestRunner" name="placeOrder" time="6.485"/>
</testsuite> <!-- Default test -->
