<?xml version="1.0" encoding="UTF-8"?>
<!-- Generated by org.testng.reporters.JUnitXMLReporter -->
<testsuite ignored="0" hostname="LAPTOP-AGIT55IM" failures="0" tests="4" name="Test" time="19.56" errors="0" timestamp="2024-10-11T21:45:57 EEST">
  <testcase classname="com.demoblaze.test.DemoBlaze_TestRunner" name="navigateToHomePage" time="1.054"/>
  <testcase classname="com.demoblaze.test.DemoBlaze_TestRunner" name="user_Login" time="4.269"/>
  <testcase classname="com.demoblaze.test.DemoBlaze_TestRunner" name="addProductToCart" time="4.619"/>
  <testcase classname="com.demoblaze.test.DemoBlaze_TestRunner" name="placeOrder" time="5.476"/>
</testsuite> <!-- Test -->
