<?xml version="1.0" encoding="UTF-8"?>
<testng-results ignored="0" total="4" passed="4" failed="0" skipped="0">
  <reporter-output>
  </reporter-output>
  <suite started-at="2024-10-11T21:45:37 EEST" name="Suite" finished-at="2024-10-11T21:45:57 EEST" duration-ms="19560">
    <groups>
    </groups>
    <test started-at="2024-10-11T21:45:37 EEST" name="Test" finished-at="2024-10-11T21:45:57 EEST" duration-ms="19560">
      <class name="com.demoblaze.test.DemoBlaze_TestRunner">
        <test-method is-config="true" signature="beforeClass()[pri:0, instance:com.demoblaze.test.DemoBlaze_TestRunner@291ae]" started-at="2024-10-11T21:45:37 EEST" name="beforeClass" finished-at="2024-10-11T21:45:41 EEST" duration-ms="3925" status="PASS">
          <reporter-output>
          </reporter-output>
        </test-method> <!-- beforeClass -->
        <test-method signature="navigateToHomePage()[pri:1, instance:com.demoblaze.test.DemoBlaze_TestRunner@291ae]" started-at="2024-10-11T21:45:41 EEST" name="navigateToHomePage" finished-at="2024-10-11T21:45:42 EEST" duration-ms="1054" status="PASS">
          <reporter-output>
          </reporter-output>
        </test-method> <!-- navigateToHomePage -->
        <test-method signature="user_Login()[pri:3, instance:com.demoblaze.test.DemoBlaze_TestRunner@291ae]" started-at="2024-10-11T21:45:42 EEST" name="user_Login" finished-at="2024-10-11T21:45:47 EEST" duration-ms="4269" status="PASS">
          <reporter-output>
          </reporter-output>
        </test-method> <!-- user_Login -->
        <test-method signature="addProductToCart()[pri:4, instance:com.demoblaze.test.DemoBlaze_TestRunner@291ae]" started-at="2024-10-11T21:45:47 EEST" name="addProductToCart" finished-at="2024-10-11T21:45:51 EEST" duration-ms="4619" status="PASS">
          <reporter-output>
          </reporter-output>
        </test-method> <!-- addProductToCart -->
        <test-method signature="placeOrder()[pri:5, instance:com.demoblaze.test.DemoBlaze_TestRunner@291ae]" started-at="2024-10-11T21:45:51 EEST" name="placeOrder" finished-at="2024-10-11T21:45:57 EEST" duration-ms="5476" status="PASS">
          <reporter-output>
          </reporter-output>
        </test-method> <!-- placeOrder -->
        <test-method is-config="true" signature="afterClass()[pri:0, instance:com.demoblaze.test.DemoBlaze_TestRunner@291ae]" started-at="2024-10-11T21:45:57 EEST" name="afterClass" finished-at="2024-10-11T21:45:57 EEST" duration-ms="176" status="PASS">
          <reporter-output>
          </reporter-output>
        </test-method> <!-- afterClass -->
      </class> <!-- com.demoblaze.test.DemoBlaze_TestRunner -->
    </test> <!-- Test -->
  </suite> <!-- Suite -->
</testng-results>
